<?xml version="1.0" encoding="UTF-8"?>
<testng-results ignored="0" total="1" passed="1" failed="0" skipped="0">
  <reporter-output>
  </reporter-output>
  <suite started-at="2021-05-25T18:54:26 IST" name="Default suite" finished-at="2021-05-25T18:54:26 IST" duration-ms="100">
    <groups>
    </groups>
    <test started-at="2021-05-25T18:54:26 IST" name="Default test" finished-at="2021-05-25T18:54:26 IST" duration-ms="100">
      <class name="Test.Demo">
        <test-method signature="add()[pri:0, instance:Test.Demo@a3d8174]" started-at="2021-05-25T18:54:26 IST" name="add" finished-at="2021-05-25T18:54:26 IST" duration-ms="17" status="PASS">
          <reporter-output>
          </reporter-output>
        </test-method> <!-- add -->
      </class> <!-- Test.Demo -->
    </test> <!-- Default test -->
  </suite> <!-- Default suite -->
</testng-results>
